#
# A fatal error has been detected by the Java Runtime Environment:
#
#  EXCEPTION_ACCESS_VIOLATION (0xc0000005) at pc=0x6d8fd772, pid=14004, tid=740
#
# JRE version: 6.0_45-b06
# Java VM: Java HotSpot(TM) Client VM (20.45-b01 mixed mode windows-x86 )
# Problematic frame:
# V  [jvm.dll+0x1d772]
#
# If you would like to submit a bug report, please visit:
#   http://java.sun.com/webapps/bugreport/crash.jsp
#

---------------  T H R E A D  ---------------

Current thread (0x02589400):  JavaThread "JDWP Transport Listener: dt_socket" daemon [_thread_in_vm, id=740, stack(0x18b90000,0x18be0000)]

siginfo: ExceptionCode=0xc0000005, reading address 0x00000004

Registers:
EAX=0x00000000, EBX=0x02589400, ECX=0x00000000, EDX=0x00000000
ESP=0x18bdfc54, EBP=0x18bdfc58, ESI=0x00000010, EDI=0x04625740
EIP=0x6d8fd772, EFLAGS=0x00010246

Top of Stack: (sp=0x18bdfc54)
0x18bdfc54:   02589528 18bdfc80 6d973c52 04625740
0x18bdfc64:   6d44e10c 02589528 6d44e124 02589400
0x18bdfc74:   00000000 02589528 18bdfe54 6d44e94c
0x18bdfc84:   6d4362bd 02589528 025a04f4 00000000
0x18bdfc94:   18bdfcb8 18bdfe54 6d452b0a 18bdfe54
0x18bdfca4:   025a04f4 18bdfe24 6d43ba32 18bdfe24
0x18bdfcb4:   18bdfcc4 6d44e840 6d2b4014 6d452be0
0x18bdfcc4:   18bdfcf4 0000012c 18bdfcd0 00000000 

Instructions: (pc=0x6d8fd772)
0x6d8fd752:   ec 8b 45 08 8b 0d bc 37 b5 6d 8b 15 b8 37 b5 6d
0x6d8fd762:   8b 0c 01 8b 14 02 56 8b 35 b4 37 b5 6d 8b 04 06
0x6d8fd772:   8b 71 04 8b 76 0c 81 e6 00 ff 00 00 81 fe 00 05
0x6d8fd782:   00 00 5e 75 20 85 c0 75 0e 33 c9 50 51 e8 dc 55 


Register to memory mapping:

EAX=0x00000000 is an unknown value
EBX=0x02589400 is a thread
ECX=0x00000000 is an unknown value
EDX=0x00000000 is an unknown value
ESP=0x18bdfc54 is pointing into the stack for thread: 0x02589400
EBP=0x18bdfc58 is pointing into the stack for thread: 0x02589400
ESI=0x00000010 is an unknown value
EDI=
[error occurred during error reporting (printing register info), id 0xc0000005]

Stack: [0x18b90000,0x18be0000],  sp=0x18bdfc54,  free space=319k
Native frames: (J=compiled Java code, j=interpreted, Vv=VM code, C=native code)
V  [jvm.dll+0x1d772]
V  [jvm.dll+0x93c52]


---------------  P R O C E S S  ---------------

Java Threads: ( => current thread )
  0x0259f800 JavaThread "Low Memory Detector" daemon [_thread_blocked, id=12512, stack(0x192f0000,0x19340000)]
  0x0259b400 JavaThread "C1 CompilerThread0" daemon [_thread_blocked, id=13880, stack(0x19260000,0x192b0000)]
  0x0258c400 JavaThread "JDWP Command Reader" daemon [_thread_in_native, id=14248, stack(0x191d0000,0x19220000)]
  0x0258b400 JavaThread "JDWP Event Helper Thread" daemon [_thread_blocked, id=9952, stack(0x190d0000,0x19120000)]
=>0x02589400 JavaThread "JDWP Transport Listener: dt_socket" daemon [_thread_in_vm, id=740, stack(0x18b90000,0x18be0000)]
  0x0257c800 JavaThread "Attach Listener" daemon [_thread_blocked, id=9640, stack(0x18900000,0x18950000)]
  0x02579800 JavaThread "Signal Dispatcher" daemon [_thread_blocked, id=13496, stack(0x18870000,0x188c0000)]
  0x0254ec00 JavaThread "Finalizer" daemon [_thread_blocked, id=11244, stack(0x187e0000,0x18830000)]
  0x0254a000 JavaThread "Reference Handler" daemon [_thread_blocked, id=11656, stack(0x18750000,0x187a0000)]
  0x023aa800 JavaThread "main" [_thread_blocked, id=13676, stack(0x00530000,0x00580000)]

Other Threads:
  0x02546000 VMThread [stack: 0x186c0000,0x18710000] [id=14292]
  0x025aa800 WatcherThread [stack: 0x19380000,0x193d0000] [id=9584]

VM state:not at safepoint (normal execution)

VM Mutex/Monitor currently owned by a thread: None

Heap
 def new generation   total 4928K, used 490K [0x045b0000, 0x04b00000, 0x09b00000)
  eden space 4416K,  11% used [0x045b0000, 0x0462a9d8, 0x04a00000)
  from space 512K,   0% used [0x04a00000, 0x04a00000, 0x04a80000)
  to   space 512K,   0% used [0x04a80000, 0x04a80000, 0x04b00000)
 tenured generation   total 10944K, used 0K [0x09b00000, 0x0a5b0000, 0x145b0000)
   the space 10944K,   0% used [0x09b00000, 0x09b00000, 0x09b00200, 0x0a5b0000)
 compacting perm gen  total 12288K, used 1889K [0x145b0000, 0x151b0000, 0x185b0000)
   the space 12288K,  15% used [0x145b0000, 0x14788598, 0x14788600, 0x151b0000)
No shared spaces configured.

Code Cache  [0x025b0000, 0x02628000, 0x045b0000)
 total_blobs=133 nmethods=16 adapters=62 free_code_cache=33080448 largest_free_block=0

Dynamic libraries:
0x00400000 - 0x00425000 	D:\JDK\jdk1.8.0_77\jdk1.6.0_45\bin\javaw.exe
0x777b0000 - 0x77930000 	C:\Windows\SysWOW64\ntdll.dll
0x76f00000 - 0x77010000 	C:\Windows\syswow64\kernel32.dll
0x77130000 - 0x77177000 	C:\Windows\syswow64\KERNELBASE.dll
0x74f30000 - 0x74f9e000 	C:\Windows\SysWOW64\SYSFER.DLL
0x752b0000 - 0x75351000 	C:\Windows\syswow64\ADVAPI32.dll
0x766d0000 - 0x7677c000 	C:\Windows\syswow64\msvcrt.dll
0x77390000 - 0x773a9000 	C:\Windows\SysWOW64\sechost.dll
0x76a80000 - 0x76b70000 	C:\Windows\syswow64\RPCRT4.dll
0x75100000 - 0x75160000 	C:\Windows\syswow64\SspiCli.dll
0x750f0000 - 0x750fc000 	C:\Windows\syswow64\CRYPTBASE.dll
0x76b70000 - 0x76c70000 	C:\Windows\syswow64\USER32.dll
0x76e10000 - 0x76ea0000 	C:\Windows\syswow64\GDI32.dll
0x76290000 - 0x7629a000 	C:\Windows\syswow64\LPK.dll
0x76930000 - 0x769cd000 	C:\Windows\syswow64\USP10.dll
0x76ea0000 - 0x76f00000 	C:\Windows\system32\IMM32.DLL
0x762a0000 - 0x7636c000 	C:\Windows\syswow64\MSCTF.dll
0x7c340000 - 0x7c396000 	D:\JDK\jdk1.8.0_77\jdk1.6.0_45\jre\bin\msvcr71.dll
0x6d8e0000 - 0x6db90000 	D:\JDK\jdk1.8.0_77\jdk1.6.0_45\jre\bin\client\jvm.dll
0x74a50000 - 0x74a82000 	C:\Windows\system32\WINMM.dll
0x74ee0000 - 0x74f2c000 	C:\Windows\system32\apphelp.dll
0x6d890000 - 0x6d89c000 	D:\JDK\jdk1.8.0_77\jdk1.6.0_45\jre\bin\verify.dll
0x6d3e0000 - 0x6d3ff000 	D:\JDK\jdk1.8.0_77\jdk1.6.0_45\jre\bin\java.dll
0x6d430000 - 0x6d459000 	D:\JDK\jdk1.8.0_77\jdk1.6.0_45\jre\bin\jdwp.dll
0x6d750000 - 0x6d756000 	D:\JDK\jdk1.8.0_77\jdk1.6.0_45\jre\bin\npt.dll
0x6d8d0000 - 0x6d8df000 	D:\JDK\jdk1.8.0_77\jdk1.6.0_45\jre\bin\zip.dll
0x6d2b0000 - 0x6d2b7000 	D:\JDK\jdk1.8.0_77\jdk1.6.0_45\jre\bin\dt_socket.dll
0x76370000 - 0x763a5000 	C:\Windows\syswow64\WS2_32.dll
0x77780000 - 0x77786000 	C:\Windows\syswow64\NSI.dll
0x70f20000 - 0x70f30000 	C:\Windows\system32\NLAapi.dll
0x70f10000 - 0x70f20000 	C:\Windows\system32\napinsp.dll
0x70ef0000 - 0x70f02000 	C:\Windows\system32\pnrpnsp.dll
0x73b20000 - 0x73b5c000 	C:\Windows\System32\mswsock.dll
0x73ab0000 - 0x73af4000 	C:\Windows\system32\DNSAPI.dll
0x70ee0000 - 0x70ee8000 	C:\Windows\System32\winrnr.dll
0x73a80000 - 0x73aa7000 	C:\Program Files (x86)\Common Files\Microsoft Shared\Windows Live\WLIDNSP.DLL
0x76280000 - 0x76285000 	C:\Windows\syswow64\PSAPI.DLL
0x755d0000 - 0x75627000 	C:\Windows\syswow64\SHLWAPI.dll
0x749d0000 - 0x749ec000 	C:\Windows\system32\IPHLPAPI.DLL
0x749c0000 - 0x749c7000 	C:\Windows\system32\WINNSI.DLL
0x18a50000 - 0x18a88000 	C:\Windows\System32\fwpuclnt.dll
0x73c50000 - 0x73c56000 	C:\Windows\system32\rasadhlp.dll
0x73e30000 - 0x73ed0000 	C:\Program Files (x86)\Common Files\System\ssespi\lsp\sse4.0.1.dll
0x75630000 - 0x7627b000 	C:\Windows\syswow64\SHELL32.dll
0x76cb0000 - 0x76e0d000 	C:\Windows\syswow64\ole32.dll
0x763f0000 - 0x76481000 	C:\Windows\syswow64\OLEAUT32.dll
0x74ec0000 - 0x74ec9000 	C:\Windows\system32\VERSION.dll
0x73b10000 - 0x73b15000 	C:\Windows\System32\wshtcpip.dll

VM Arguments:
jvm_args: -agentlib:jdwp=transport=dt_socket,suspend=y,address=localhost:53877 -Dfile.encoding=UTF-8 
java_command: org.eclipse.jdt.internal.junit.runner.RemoteTestRunner -version 3 -port 53876 -testLoaderClass org.eclipse.jdt.internal.junit4.runner.JUnit4TestLoader -loaderpluginname org.eclipse.jdt.junit4.runtime -test com.wynne.proxy.CglibProxyFactoryTest:testCglibProxy
Launcher Type: SUN_STANDARD

Environment Variables:
JAVA_HOME=C:\Program Files\Java\jdk1.8.0_51
CLASSPATH=C:\tibco_new\tibrv\8.3\lib\tibrvnative.jar;C:\tibco\tibrv\8.3\lib\tibrvnative.jar;.;C:\Users\LIWY\AppData\Local\Temp\LRE509E.tmp\lib;C:\Users\LIWY\AppData\Local\Temp\LRE509E.tmp\lib\tools.jar;C:\tibco\tibrv\8.4\lib\tibrvnative.jar;.;C:\Users\LIWY\AppData\Local\Temp\LRE509E.tmp\lib\dt.jar;C:\Users\LIWY\AppData\Local\Temp\LRE509E.tmp\lib\tools.jar;
PATH=D:\JDK\jdk1.8.0_77\jdk1.6.0_45\jre\bin;C:/Program Files/Java/jre7/bin/server;C:/Program Files/Java/jre7/bin;C:/Program Files/Java/jre7/lib/amd64;C:\ProgramData\Oracle\Java\javapath; C:\ProgramData\Oracle\Java\javapath;C:\tibco_new\tibrv\8.3\bin;D:\app\LIWY\product\11.2.0\dbhome_1\bin;C:\tibco\tibrv\8.3\bin;;C:\Users\LIWY\AppData\Local\Temp\LRE509E.tmp\bin;C:\Users\LIWY\AppData\Local\Temp\LRE509E.tmp\jre\bin;C:\Program Files (x86)\iis express\PHP\v5.4;C:\Program Files (x86)\iis express\PHP\v5.3;C:\USERS\CHENRI5\APPDATA\LOCAL\MICROSOFT\WEBMATRIX\EXTENSIONS\30\GitSourceControl\NativeBinaries/x86;D:\oracle\product\10.2.0\db_9\bin;D:\oracle\product\10.2.0\db_8\bin;C:\Windows\system32;C:\Windows;C:\Windows\System32\Wbem;D:\grails\grails-3.0.1\bin;D:\apache-maven-3.3.3\bin;2.23709E+220RAILS_HOME\bin;C:\Program Files\Microsoft\Web Platform Installer\;;D:\maven\apache-maven-3.3.3\bin;C:\Program Files (x86)\GitExtensions\;D:\Jonas\selenium\phantomjs\phantomjs\;C:\Users\LIWY\Desktop\groovy-2.4.7\bin;C:\Program Files\Java\dart-sdk\bin;C:\Program Files\Java\dart-sdk\bin;D:\m2\repository;C:\Program Files (x86)\nodejs\;C:\Program Files\Java\jdk1.8.0_51\bin;C:\Program Files\Java\jdk1.8.0_51\jre\bin;C:\Users\LIWY\AppData\Roaming\npm;C:\Users\LIWY\Documents\MyJabberFiles\heha2@oocl.com\eclipse-mars-groovy - Copy;
USERNAME=LIWY
OS=Windows_NT
PROCESSOR_IDENTIFIER=Intel64 Family 6 Model 60 Stepping 3, GenuineIntel



---------------  S Y S T E M  ---------------

OS: Windows 7 , 64 bit Build 7601 Service Pack 1

CPU:total 4 (4 cores per cpu, 1 threads per core) family 6 model 60 stepping 3, cmov, cx8, fxsr, mmx, sse, sse2, sse3, ssse3, sse4.1, sse4.2, popcnt

Memory: 4k page, physical 8305420k(694996k free), swap 16608980k(7372884k free)

vm_info: Java HotSpot(TM) Client VM (20.45-b01) for windows-x86 JRE (1.6.0_45-b06), built on Mar 26 2013 13:40:03 by "java_re" with MS VC++ 7.1 (VS2003)

time: Thu Feb 09 09:54:53 2017
elapsed time: 46 seconds

